<?xml version="1.0" encoding="UTF-8"?>
<testng-results ignored="0" total="2" passed="1" failed="1" skipped="0">
  <reporter-output>
  </reporter-output>
  <suite started-at="2022-08-30T20:02:25 IST" name="Suite" finished-at="2022-08-30T20:02:50 IST" duration-ms="24926">
    <groups>
    </groups>
    <test started-at="2022-08-30T20:02:25 IST" name="Test" finished-at="2022-08-30T20:02:44 IST" duration-ms="19296">
      <class name="seleniumScripts.seleniumScripts.AddRemoveItemBasketTest">
        <test-method is-config="true" signature="setup()[pri:0, instance:seleniumScripts.seleniumScripts.AddRemoveItemBasketTest@55b7a4e0]" started-at="2022-08-30T20:02:26 IST" name="setup" finished-at="2022-08-30T20:02:31 IST" duration-ms="5827" status="PASS">
          <reporter-output>
          </reporter-output>
        </test-method> <!-- setup -->
        <test-method signature="addRemoveItem()[pri:0, instance:seleniumScripts.seleniumScripts.AddRemoveItemBasketTest@55b7a4e0]" started-at="2022-08-30T20:02:31 IST" name="addRemoveItem" finished-at="2022-08-30T20:02:44 IST" duration-ms="12696" status="FAIL">
          <exception class="java.lang.AssertionError">
            <message>
              <![CDATA[Cart amount did not match the expected amount, it found$45.24 expected $45.23]]>
            </message>
            <full-stacktrace>
              <![CDATA[java.lang.AssertionError: Cart amount did not match the expected amount, it found$45.24 expected $45.23
at org.testng.Assert.fail(Assert.java:99)
at seleniumScripts.seleniumScripts.AddRemoveItemBasketTest.addRemoveItem(AddRemoveItemBasketTest.java:76)
at java.base/jdk.internal.reflect.DirectMethodHandleAccessor.invoke(DirectMethodHandleAccessor.java:104)
at java.base/java.lang.reflect.Method.invoke(Method.java:577)
at org.testng.internal.MethodInvocationHelper.invokeMethod(MethodInvocationHelper.java:133)
at org.testng.internal.TestInvoker.invokeMethod(TestInvoker.java:598)
at org.testng.internal.TestInvoker.invokeTestMethod(TestInvoker.java:173)
at org.testng.internal.MethodRunner.runInSequence(MethodRunner.java:46)
at org.testng.internal.TestInvoker$MethodInvocationAgent.invoke(TestInvoker.java:824)
at org.testng.internal.TestInvoker.invokeTestMethods(TestInvoker.java:146)
at org.testng.internal.TestMethodWorker.invokeTestMethods(TestMethodWorker.java:146)
at org.testng.internal.TestMethodWorker.run(TestMethodWorker.java:128)
at java.base/java.util.ArrayList.forEach(ArrayList.java:1511)
at org.testng.TestRunner.privateRun(TestRunner.java:794)
at org.testng.TestRunner.run(TestRunner.java:596)
at org.testng.SuiteRunner.runTest(SuiteRunner.java:377)
at org.testng.SuiteRunner.access$000(SuiteRunner.java:28)
at org.testng.SuiteRunner$SuiteWorker.run(SuiteRunner.java:418)
at org.testng.internal.thread.ThreadUtil.lambda$execute$0(ThreadUtil.java:64)
at java.base/java.util.concurrent.FutureTask.run(FutureTask.java:264)
at java.base/java.util.concurrent.ThreadPoolExecutor.runWorker(ThreadPoolExecutor.java:1136)
at java.base/java.util.concurrent.ThreadPoolExecutor$Worker.run(ThreadPoolExecutor.java:635)
at java.base/java.lang.Thread.run(Thread.java:833)
]]>
            </full-stacktrace>
          </exception> <!-- java.lang.AssertionError -->
          <reporter-output>
          </reporter-output>
        </test-method> <!-- addRemoveItem -->
        <test-method is-config="true" signature="tearDown()[pri:0, instance:seleniumScripts.seleniumScripts.AddRemoveItemBasketTest@55b7a4e0]" started-at="2022-08-30T20:02:44 IST" name="tearDown" finished-at="2022-08-30T20:02:44 IST" duration-ms="188" status="PASS">
          <reporter-output>
          </reporter-output>
        </test-method> <!-- tearDown -->
      </class> <!-- seleniumScripts.seleniumScripts.AddRemoveItemBasketTest -->
    </test> <!-- Test -->
    <test started-at="2022-08-30T20:02:25 IST" name="Test2" finished-at="2022-08-30T20:02:50 IST" duration-ms="24926">
      <class name="seleniumScripts.seleniumScripts.OrderCompleteTest">
        <test-method is-config="true" signature="setup()[pri:0, instance:seleniumScripts.seleniumScripts.OrderCompleteTest@6c64cb25]" started-at="2022-08-30T20:02:26 IST" name="setup" finished-at="2022-08-30T20:02:31 IST" duration-ms="5598" status="PASS">
          <reporter-output>
          </reporter-output>
        </test-method> <!-- setup -->
        <test-method signature="endToEndTest()[pri:0, instance:seleniumScripts.seleniumScripts.OrderCompleteTest@6c64cb25]" started-at="2022-08-30T20:02:31 IST" name="endToEndTest" finished-at="2022-08-30T20:02:50 IST" duration-ms="18638" status="PASS">
          <reporter-output>
          </reporter-output>
        </test-method> <!-- endToEndTest -->
        <test-method is-config="true" signature="tearDown()[pri:0, instance:seleniumScripts.seleniumScripts.OrderCompleteTest@6c64cb25]" started-at="2022-08-30T20:02:50 IST" name="tearDown" finished-at="2022-08-30T20:02:50 IST" duration-ms="283" status="PASS">
          <reporter-output>
          </reporter-output>
        </test-method> <!-- tearDown -->
      </class> <!-- seleniumScripts.seleniumScripts.OrderCompleteTest -->
    </test> <!-- Test2 -->
  </suite> <!-- Suite -->
</testng-results>
